<?xml version="1.0" encoding="UTF-8"?>
<coverage generated="1563459208025" clover="3.2.0">
  <project timestamp="1563459208025" name="All files">
    <metrics statements="99" coveredstatements="69" conditionals="23" coveredconditionals="11" methods="32" coveredmethods="5" elements="154" coveredelements="85" complexity="0" loc="99" ncloc="99" packages="3" files="6" classes="6"/>
    <package name="components.IconActing">
      <metrics statements="16" coveredstatements="16" conditionals="11" coveredconditionals="11" methods="4" coveredmethods="4"/>
      <file name="index.js" path="/Users/paque/Desktop/works/contentful-extension-dom-structure/dom-structure/src/components/IconActing/index.js">
        <metrics statements="16" coveredstatements="16" conditionals="11" coveredconditionals="11" methods="4" coveredmethods="4"/>
        <line num="8" count="8" type="stmt"/>
        <line num="10" count="8" type="stmt"/>
        <line num="15" count="8" type="stmt"/>
        <line num="16" count="11" type="stmt"/>
        <line num="17" count="11" type="stmt"/>
        <line num="18" count="11" type="cond" truecount="5" falsecount="0"/>
        <line num="19" count="3" type="stmt"/>
        <line num="21" count="8" type="cond" truecount="2" falsecount="0"/>
        <line num="22" count="2" type="stmt"/>
        <line num="24" count="6" type="stmt"/>
        <line num="28" count="8" type="stmt"/>
        <line num="30" count="8" type="stmt"/>
        <line num="34" count="3" type="cond" truecount="4" falsecount="0"/>
        <line num="35" count="1" type="stmt"/>
        <line num="37" count="2" type="stmt"/>
        <line num="47" count="1" type="stmt"/>
      </file>
    </package>
    <package name="style">
      <metrics statements="36" coveredstatements="36" conditionals="0" coveredconditionals="0" methods="0" coveredmethods="0"/>
      <file name="styledComponents.js" path="/Users/paque/Desktop/works/contentful-extension-dom-structure/dom-structure/src/style/styledComponents.js">
        <metrics statements="12" coveredstatements="12" conditionals="0" coveredconditionals="0" methods="0" coveredmethods="0"/>
        <line num="4" count="1" type="stmt"/>
        <line num="13" count="1" type="stmt"/>
        <line num="152" count="1" type="stmt"/>
        <line num="186" count="1" type="stmt"/>
        <line num="218" count="1" type="stmt"/>
        <line num="254" count="1" type="stmt"/>
        <line num="275" count="1" type="stmt"/>
        <line num="297" count="1" type="stmt"/>
        <line num="305" count="1" type="stmt"/>
        <line num="340" count="1" type="stmt"/>
        <line num="354" count="1" type="stmt"/>
        <line num="374" count="1" type="stmt"/>
      </file>
      <file name="styledComponentsBoxes.js" path="/Users/paque/Desktop/works/contentful-extension-dom-structure/dom-structure/src/style/styledComponentsBoxes.js">
        <metrics statements="22" coveredstatements="22" conditionals="0" coveredconditionals="0" methods="0" coveredmethods="0"/>
        <line num="5" count="1" type="stmt"/>
        <line num="46" count="1" type="stmt"/>
        <line num="92" count="1" type="stmt"/>
        <line num="114" count="1" type="stmt"/>
        <line num="133" count="1" type="stmt"/>
        <line num="150" count="1" type="stmt"/>
        <line num="205" count="1" type="stmt"/>
        <line num="213" count="1" type="stmt"/>
        <line num="221" count="1" type="stmt"/>
        <line num="239" count="1" type="stmt"/>
        <line num="287" count="1" type="stmt"/>
        <line num="292" count="1" type="stmt"/>
        <line num="348" count="1" type="stmt"/>
        <line num="362" count="1" type="stmt"/>
        <line num="387" count="1" type="stmt"/>
        <line num="440" count="1" type="stmt"/>
        <line num="446" count="1" type="stmt"/>
        <line num="466" count="1" type="stmt"/>
        <line num="472" count="1" type="stmt"/>
        <line num="478" count="1" type="stmt"/>
        <line num="482" count="1" type="stmt"/>
        <line num="492" count="1" type="stmt"/>
      </file>
      <file name="theme.js" path="/Users/paque/Desktop/works/contentful-extension-dom-structure/dom-structure/src/style/theme.js">
        <metrics statements="2" coveredstatements="2" conditionals="0" coveredconditionals="0" methods="0" coveredmethods="0"/>
        <line num="1" count="1" type="stmt"/>
        <line num="9" count="1" type="stmt"/>
      </file>
    </package>
    <package name="utils">
      <metrics statements="47" coveredstatements="17" conditionals="12" coveredconditionals="0" methods="28" coveredmethods="1"/>
      <file name="functions.js" path="/Users/paque/Desktop/works/contentful-extension-dom-structure/dom-structure/src/utils/functions.js">
        <metrics statements="41" coveredstatements="15" conditionals="12" coveredconditionals="0" methods="24" coveredmethods="1"/>
        <line num="4" count="1" type="cond" truecount="0" falsecount="2"/>
        <line num="6" count="1" type="stmt"/>
        <line num="7" count="0" type="cond" truecount="0" falsecount="2"/>
        <line num="9" count="0" type="stmt"/>
        <line num="10" count="0" type="stmt"/>
        <line num="12" count="0" type="stmt"/>
        <line num="13" count="0" type="cond" truecount="0" falsecount="2"/>
        <line num="20" count="1" type="stmt"/>
        <line num="21" count="0" type="cond" truecount="0" falsecount="2"/>
        <line num="22" count="0" type="stmt"/>
        <line num="25" count="1" type="stmt"/>
        <line num="27" count="1" type="stmt"/>
        <line num="29" count="1" type="stmt"/>
        <line num="30" count="0" type="stmt"/>
        <line num="31" count="0" type="stmt"/>
        <line num="32" count="0" type="stmt"/>
        <line num="36" count="1" type="stmt"/>
        <line num="37" count="0" type="stmt"/>
        <line num="38" count="0" type="stmt"/>
        <line num="39" count="0" type="stmt"/>
        <line num="40" count="0" type="cond" truecount="0" falsecount="2"/>
        <line num="41" count="0" type="stmt"/>
        <line num="44" count="0" type="stmt"/>
        <line num="46" count="0" type="stmt"/>
        <line num="49" count="1" type="stmt"/>
        <line num="50" count="0" type="stmt"/>
        <line num="51" count="0" type="stmt"/>
        <line num="52" count="0" type="stmt"/>
        <line num="53" count="0" type="cond" truecount="0" falsecount="2"/>
        <line num="54" count="0" type="stmt"/>
        <line num="57" count="0" type="stmt"/>
        <line num="59" count="0" type="stmt"/>
        <line num="63" count="1" type="stmt"/>
        <line num="64" count="0" type="stmt"/>
        <line num="67" count="1" type="stmt"/>
        <line num="68" count="1" type="stmt"/>
        <line num="69" count="1" type="stmt"/>
        <line num="72" count="1" type="stmt"/>
        <line num="73" count="0" type="stmt"/>
        <line num="83" count="1" type="stmt"/>
        <line num="84" count="1" type="stmt"/>
      </file>
      <file name="getters.js" path="/Users/paque/Desktop/works/contentful-extension-dom-structure/dom-structure/src/utils/getters.js">
        <metrics statements="6" coveredstatements="2" conditionals="0" coveredconditionals="0" methods="4" coveredmethods="0"/>
        <line num="2" count="1" type="stmt"/>
        <line num="3" count="0" type="stmt"/>
        <line num="5" count="0" type="stmt"/>
        <line num="8" count="1" type="stmt"/>
        <line num="9" count="0" type="stmt"/>
        <line num="11" count="0" type="stmt"/>
      </file>
    </package>
  </project>
</coverage>
