{"/Users/paque/Desktop/works/contentful-extension-dom-structure/dom-structure/src/components/IconActing/index.js": {"path":"/Users/paque/Desktop/works/contentful-extension-dom-structure/dom-structure/src/components/IconActing/index.js","statementMap":{"0":{"start":{"line":8,"column":8},"end":{"line":8,"column":21}},"1":{"start":{"line":10,"column":8},"end":{"line":12,"column":9}},"2":{"start":{"line":15,"column":19},"end":{"line":25,"column":5}},"3":{"start":{"line":16,"column":23},"end":{"line":16,"column":48}},"4":{"start":{"line":17,"column":26},"end":{"line":17,"column":52}},"5":{"start":{"line":18,"column":8},"end":{"line":20,"column":9}},"6":{"start":{"line":19,"column":12},"end":{"line":19,"column":29}},"7":{"start":{"line":21,"column":8},"end":{"line":23,"column":9}},"8":{"start":{"line":22,"column":12},"end":{"line":22,"column":28}},"9":{"start":{"line":24,"column":8},"end":{"line":24,"column":18}},"10":{"start":{"line":28,"column":81},"end":{"line":28,"column":91}},"11":{"start":{"line":30,"column":8},"end":{"line":42,"column":9}},"12":{"start":{"line":34,"column":20},"end":{"line":38,"column":21}},"13":{"start":{"line":35,"column":24},"end":{"line":35,"column":64}},"14":{"start":{"line":37,"column":24},"end":{"line":37,"column":65}},"15":{"start":{"line":47,"column":0},"end":{"line":56,"column":2}}},"fnMap":{"0":{"name":"(anonymous_0)","decl":{"start":{"line":7,"column":4},"end":{"line":7,"column":5}},"loc":{"start":{"line":7,"column":23},"end":{"line":13,"column":5}},"line":7},"1":{"name":"(anonymous_1)","decl":{"start":{"line":15,"column":19},"end":{"line":15,"column":20}},"loc":{"start":{"line":15,"column":25},"end":{"line":25,"column":5}},"line":15},"2":{"name":"(anonymous_2)","decl":{"start":{"line":27,"column":4},"end":{"line":27,"column":5}},"loc":{"start":{"line":27,"column":13},"end":{"line":43,"column":5}},"line":27},"3":{"name":"(anonymous_3)","decl":{"start":{"line":33,"column":25},"end":{"line":33,"column":26}},"loc":{"start":{"line":33,"column":30},"end":{"line":39,"column":17}},"line":33}},"branchMap":{"0":{"loc":{"start":{"line":18,"column":8},"end":{"line":20,"column":9}},"type":"if","locations":[{"start":{"line":18,"column":8},"end":{"line":20,"column":9}},{"start":{"line":18,"column":8},"end":{"line":20,"column":9}}],"line":18},"1":{"loc":{"start":{"line":18,"column":12},"end":{"line":18,"column":108}},"type":"binary-expr","locations":[{"start":{"line":18,"column":12},"end":{"line":18,"column":30}},{"start":{"line":18,"column":34},"end":{"line":18,"column":74}},{"start":{"line":18,"column":78},"end":{"line":18,"column":108}}],"line":18},"2":{"loc":{"start":{"line":21,"column":8},"end":{"line":23,"column":9}},"type":"if","locations":[{"start":{"line":21,"column":8},"end":{"line":23,"column":9}},{"start":{"line":21,"column":8},"end":{"line":23,"column":9}}],"line":21},"3":{"loc":{"start":{"line":34,"column":20},"end":{"line":38,"column":21}},"type":"if","locations":[{"start":{"line":34,"column":20},"end":{"line":38,"column":21}},{"start":{"line":34,"column":20},"end":{"line":38,"column":21}}],"line":34},"4":{"loc":{"start":{"line":34,"column":24},"end":{"line":34,"column":72}},"type":"binary-expr","locations":[{"start":{"line":34,"column":24},"end":{"line":34,"column":35}},{"start":{"line":34,"column":39},"end":{"line":34,"column":72}}],"line":34}},"s":{"0":8,"1":8,"2":8,"3":11,"4":11,"5":11,"6":3,"7":8,"8":2,"9":6,"10":8,"11":8,"12":3,"13":1,"14":2,"15":1},"f":{"0":8,"1":11,"2":8,"3":3},"b":{"0":[3,8],"1":[11,11,7],"2":[2,6],"3":[1,2],"4":[3,2]},"_coverageSchema":"43e27e138ebf9cfc5966b082cf9a028302ed4184","hash":"10b556b396ca14bae42dfae219d4e1555cb4a431"}
,"/Users/paque/Desktop/works/contentful-extension-dom-structure/dom-structure/src/style/styledComponents.js": {"path":"/Users/paque/Desktop/works/contentful-extension-dom-structure/dom-structure/src/style/styledComponents.js","statementMap":{"0":{"start":{"line":4,"column":25},"end":{"line":12,"column":1}},"1":{"start":{"line":13,"column":29},"end":{"line":150,"column":1}},"2":{"start":{"line":152,"column":25},"end":{"line":184,"column":1}},"3":{"start":{"line":186,"column":27},"end":{"line":216,"column":1}},"4":{"start":{"line":218,"column":27},"end":{"line":252,"column":1}},"5":{"start":{"line":254,"column":28},"end":{"line":273,"column":1}},"6":{"start":{"line":275,"column":20},"end":{"line":295,"column":1}},"7":{"start":{"line":297,"column":28},"end":{"line":303,"column":1}},"8":{"start":{"line":305,"column":20},"end":{"line":338,"column":1}},"9":{"start":{"line":340,"column":21},"end":{"line":352,"column":1}},"10":{"start":{"line":354,"column":26},"end":{"line":373,"column":1}},"11":{"start":{"line":374,"column":21},"end":{"line":384,"column":1}}},"fnMap":{},"branchMap":{},"s":{"0":1,"1":1,"2":1,"3":1,"4":1,"5":1,"6":1,"7":1,"8":1,"9":1,"10":1,"11":1},"f":{},"b":{},"_coverageSchema":"43e27e138ebf9cfc5966b082cf9a028302ed4184","hash":"b261ea14ac64186c4a631fb23a40754cd36c5482"}
,"/Users/paque/Desktop/works/contentful-extension-dom-structure/dom-structure/src/style/styledComponentsBoxes.js": {"path":"/Users/paque/Desktop/works/contentful-extension-dom-structure/dom-structure/src/style/styledComponentsBoxes.js","statementMap":{"0":{"start":{"line":5,"column":22},"end":{"line":44,"column":1}},"1":{"start":{"line":46,"column":22},"end":{"line":90,"column":1}},"2":{"start":{"line":92,"column":24},"end":{"line":112,"column":1}},"3":{"start":{"line":114,"column":30},"end":{"line":132,"column":1}},"4":{"start":{"line":133,"column":30},"end":{"line":148,"column":1}},"5":{"start":{"line":150,"column":24},"end":{"line":203,"column":1}},"6":{"start":{"line":205,"column":25},"end":{"line":212,"column":1}},"7":{"start":{"line":213,"column":24},"end":{"line":220,"column":1}},"8":{"start":{"line":221,"column":26},"end":{"line":237,"column":1}},"9":{"start":{"line":239,"column":23},"end":{"line":285,"column":1}},"10":{"start":{"line":287,"column":25},"end":{"line":291,"column":1}},"11":{"start":{"line":292,"column":23},"end":{"line":347,"column":1}},"12":{"start":{"line":348,"column":26},"end":{"line":361,"column":1}},"13":{"start":{"line":362,"column":29},"end":{"line":385,"column":1}},"14":{"start":{"line":387,"column":29},"end":{"line":438,"column":1}},"15":{"start":{"line":440,"column":27},"end":{"line":445,"column":1}},"16":{"start":{"line":446,"column":26},"end":{"line":464,"column":1}},"17":{"start":{"line":466,"column":27},"end":{"line":470,"column":1}},"18":{"start":{"line":472,"column":23},"end":{"line":476,"column":1}},"19":{"start":{"line":478,"column":24},"end":{"line":480,"column":1}},"20":{"start":{"line":482,"column":29},"end":{"line":490,"column":1}},"21":{"start":{"line":492,"column":19},"end":{"line":517,"column":1}}},"fnMap":{},"branchMap":{},"s":{"0":1,"1":1,"2":1,"3":1,"4":1,"5":1,"6":1,"7":1,"8":1,"9":1,"10":1,"11":1,"12":1,"13":1,"14":1,"15":1,"16":1,"17":1,"18":1,"19":1,"20":1,"21":1},"f":{},"b":{},"_coverageSchema":"43e27e138ebf9cfc5966b082cf9a028302ed4184","hash":"3168694a0f1c901a7e72bb77a0f912c64d639d2e"}
,"/Users/paque/Desktop/works/contentful-extension-dom-structure/dom-structure/src/style/theme.js": {"path":"/Users/paque/Desktop/works/contentful-extension-dom-structure/dom-structure/src/style/theme.js","statementMap":{"0":{"start":{"line":1,"column":31},"end":{"line":7,"column":1}},"1":{"start":{"line":9,"column":30},"end":{"line":32,"column":1}}},"fnMap":{},"branchMap":{},"s":{"0":1,"1":1},"f":{},"b":{},"_coverageSchema":"43e27e138ebf9cfc5966b082cf9a028302ed4184","hash":"0d31f2eb9430c465c164639b5636394507967e38"}
,"/Users/paque/Desktop/works/contentful-extension-dom-structure/dom-structure/src/utils/functions.js": {"path":"/Users/paque/Desktop/works/contentful-extension-dom-structure/dom-structure/src/utils/functions.js","statementMap":{"0":{"start":{"line":4,"column":19},"end":{"line":4,"column":78}},"1":{"start":{"line":4,"column":36},"end":{"line":4,"column":78}},"2":{"start":{"line":6,"column":17},"end":{"line":18,"column":1}},"3":{"start":{"line":7,"column":4},"end":{"line":7,"column":21}},"4":{"start":{"line":7,"column":14},"end":{"line":7,"column":21}},"5":{"start":{"line":9,"column":25},"end":{"line":9,"column":59}},"6":{"start":{"line":10,"column":4},"end":{"line":10,"column":77}},"7":{"start":{"line":10,"column":54},"end":{"line":10,"column":75}},"8":{"start":{"line":12,"column":17},"end":{"line":12,"column":70}},"9":{"start":{"line":13,"column":4},"end":{"line":17,"column":13}},"10":{"start":{"line":20,"column":20},"end":{"line":23,"column":1}},"11":{"start":{"line":21,"column":4},"end":{"line":21,"column":21}},"12":{"start":{"line":21,"column":14},"end":{"line":21,"column":21}},"13":{"start":{"line":22,"column":4},"end":{"line":22,"column":57}},"14":{"start":{"line":25,"column":25},"end":{"line":25,"column":63}},"15":{"start":{"line":25,"column":43},"end":{"line":25,"column":63}},"16":{"start":{"line":27,"column":29},"end":{"line":27,"column":73}},"17":{"start":{"line":27,"column":36},"end":{"line":27,"column":73}},"18":{"start":{"line":27,"column":58},"end":{"line":27,"column":72}},"19":{"start":{"line":29,"column":31},"end":{"line":34,"column":1}},"20":{"start":{"line":30,"column":4},"end":{"line":33,"column":7}},"21":{"start":{"line":31,"column":8},"end":{"line":31,"column":86}},"22":{"start":{"line":31,"column":68},"end":{"line":31,"column":84}},"23":{"start":{"line":32,"column":8},"end":{"line":32,"column":23}},"24":{"start":{"line":36,"column":28},"end":{"line":48,"column":1}},"25":{"start":{"line":37,"column":4},"end":{"line":47,"column":7}},"26":{"start":{"line":38,"column":8},"end":{"line":45,"column":11}},"27":{"start":{"line":39,"column":12},"end":{"line":43,"column":15}},"28":{"start":{"line":40,"column":16},"end":{"line":42,"column":17}},"29":{"start":{"line":41,"column":20},"end":{"line":41,"column":52}},"30":{"start":{"line":44,"column":12},"end":{"line":44,"column":29}},"31":{"start":{"line":46,"column":8},"end":{"line":46,"column":23}},"32":{"start":{"line":49,"column":29},"end":{"line":61,"column":1}},"33":{"start":{"line":50,"column":4},"end":{"line":60,"column":7}},"34":{"start":{"line":51,"column":8},"end":{"line":58,"column":11}},"35":{"start":{"line":52,"column":12},"end":{"line":56,"column":15}},"36":{"start":{"line":53,"column":16},"end":{"line":55,"column":17}},"37":{"start":{"line":54,"column":20},"end":{"line":54,"column":53}},"38":{"start":{"line":57,"column":12},"end":{"line":57,"column":29}},"39":{"start":{"line":59,"column":8},"end":{"line":59,"column":23}},"40":{"start":{"line":63,"column":27},"end":{"line":65,"column":1}},"41":{"start":{"line":64,"column":4},"end":{"line":64,"column":117}},"42":{"start":{"line":67,"column":23},"end":{"line":67,"column":57}},"43":{"start":{"line":67,"column":35},"end":{"line":67,"column":57}},"44":{"start":{"line":68,"column":22},"end":{"line":68,"column":56}},"45":{"start":{"line":68,"column":34},"end":{"line":68,"column":56}},"46":{"start":{"line":69,"column":22},"end":{"line":69,"column":45}},"47":{"start":{"line":69,"column":31},"end":{"line":69,"column":45}},"48":{"start":{"line":72,"column":30},"end":{"line":81,"column":1}},"49":{"start":{"line":73,"column":4},"end":{"line":80,"column":15}},"50":{"start":{"line":83,"column":12},"end":{"line":85,"column":1}},"51":{"start":{"line":84,"column":4},"end":{"line":84,"column":17}}},"fnMap":{"0":{"name":"(anonymous_0)","decl":{"start":{"line":4,"column":19},"end":{"line":4,"column":20}},"loc":{"start":{"line":4,"column":36},"end":{"line":4,"column":78}},"line":4},"1":{"name":"(anonymous_1)","decl":{"start":{"line":6,"column":17},"end":{"line":6,"column":18}},"loc":{"start":{"line":6,"column":24},"end":{"line":18,"column":1}},"line":6},"2":{"name":"(anonymous_2)","decl":{"start":{"line":10,"column":38},"end":{"line":10,"column":39}},"loc":{"start":{"line":10,"column":54},"end":{"line":10,"column":75}},"line":10},"3":{"name":"(anonymous_3)","decl":{"start":{"line":20,"column":20},"end":{"line":20,"column":21}},"loc":{"start":{"line":20,"column":27},"end":{"line":23,"column":1}},"line":20},"4":{"name":"(anonymous_4)","decl":{"start":{"line":25,"column":25},"end":{"line":25,"column":26}},"loc":{"start":{"line":25,"column":43},"end":{"line":25,"column":63}},"line":25},"5":{"name":"(anonymous_5)","decl":{"start":{"line":27,"column":29},"end":{"line":27,"column":30}},"loc":{"start":{"line":27,"column":36},"end":{"line":27,"column":73}},"line":27},"6":{"name":"(anonymous_6)","decl":{"start":{"line":27,"column":47},"end":{"line":27,"column":48}},"loc":{"start":{"line":27,"column":58},"end":{"line":27,"column":72}},"line":27},"7":{"name":"(anonymous_7)","decl":{"start":{"line":29,"column":31},"end":{"line":29,"column":32}},"loc":{"start":{"line":29,"column":38},"end":{"line":34,"column":1}},"line":29},"8":{"name":"(anonymous_8)","decl":{"start":{"line":30,"column":19},"end":{"line":30,"column":20}},"loc":{"start":{"line":30,"column":30},"end":{"line":33,"column":5}},"line":30},"9":{"name":"(anonymous_9)","decl":{"start":{"line":31,"column":55},"end":{"line":31,"column":56}},"loc":{"start":{"line":31,"column":68},"end":{"line":31,"column":84}},"line":31},"10":{"name":"(anonymous_10)","decl":{"start":{"line":36,"column":28},"end":{"line":36,"column":29}},"loc":{"start":{"line":36,"column":35},"end":{"line":48,"column":1}},"line":36},"11":{"name":"(anonymous_11)","decl":{"start":{"line":37,"column":19},"end":{"line":37,"column":20}},"loc":{"start":{"line":37,"column":30},"end":{"line":47,"column":5}},"line":37},"12":{"name":"(anonymous_12)","decl":{"start":{"line":38,"column":31},"end":{"line":38,"column":32}},"loc":{"start":{"line":38,"column":44},"end":{"line":45,"column":9}},"line":38},"13":{"name":"(anonymous_13)","decl":{"start":{"line":39,"column":41},"end":{"line":39,"column":42}},"loc":{"start":{"line":39,"column":57},"end":{"line":43,"column":13}},"line":39},"14":{"name":"(anonymous_14)","decl":{"start":{"line":49,"column":29},"end":{"line":49,"column":30}},"loc":{"start":{"line":49,"column":36},"end":{"line":61,"column":1}},"line":49},"15":{"name":"(anonymous_15)","decl":{"start":{"line":50,"column":19},"end":{"line":50,"column":20}},"loc":{"start":{"line":50,"column":30},"end":{"line":60,"column":5}},"line":50},"16":{"name":"(anonymous_16)","decl":{"start":{"line":51,"column":31},"end":{"line":51,"column":32}},"loc":{"start":{"line":51,"column":44},"end":{"line":58,"column":9}},"line":51},"17":{"name":"(anonymous_17)","decl":{"start":{"line":52,"column":42},"end":{"line":52,"column":43}},"loc":{"start":{"line":52,"column":58},"end":{"line":56,"column":13}},"line":52},"18":{"name":"(anonymous_18)","decl":{"start":{"line":63,"column":27},"end":{"line":63,"column":28}},"loc":{"start":{"line":63,"column":34},"end":{"line":65,"column":1}},"line":63},"19":{"name":"(anonymous_19)","decl":{"start":{"line":67,"column":23},"end":{"line":67,"column":24}},"loc":{"start":{"line":67,"column":35},"end":{"line":67,"column":57}},"line":67},"20":{"name":"(anonymous_20)","decl":{"start":{"line":68,"column":22},"end":{"line":68,"column":23}},"loc":{"start":{"line":68,"column":34},"end":{"line":68,"column":56}},"line":68},"21":{"name":"(anonymous_21)","decl":{"start":{"line":69,"column":22},"end":{"line":69,"column":23}},"loc":{"start":{"line":69,"column":31},"end":{"line":69,"column":45}},"line":69},"22":{"name":"(anonymous_22)","decl":{"start":{"line":72,"column":30},"end":{"line":72,"column":31}},"loc":{"start":{"line":72,"column":60},"end":{"line":81,"column":1}},"line":72},"23":{"name":"(anonymous_23)","decl":{"start":{"line":83,"column":12},"end":{"line":83,"column":13}},"loc":{"start":{"line":83,"column":22},"end":{"line":85,"column":1}},"line":83}},"branchMap":{"0":{"loc":{"start":{"line":4,"column":36},"end":{"line":4,"column":78}},"type":"cond-expr","locations":[{"start":{"line":4,"column":53},"end":{"line":4,"column":71}},{"start":{"line":4,"column":74},"end":{"line":4,"column":78}}],"line":4},"1":{"loc":{"start":{"line":7,"column":4},"end":{"line":7,"column":21}},"type":"if","locations":[{"start":{"line":7,"column":4},"end":{"line":7,"column":21}},{"start":{"line":7,"column":4},"end":{"line":7,"column":21}}],"line":7},"2":{"loc":{"start":{"line":13,"column":11},"end":{"line":17,"column":12}},"type":"cond-expr","locations":[{"start":{"line":13,"column":20},"end":{"line":17,"column":5}},{"start":{"line":17,"column":8},"end":{"line":17,"column":12}}],"line":13},"3":{"loc":{"start":{"line":21,"column":4},"end":{"line":21,"column":21}},"type":"if","locations":[{"start":{"line":21,"column":4},"end":{"line":21,"column":21}},{"start":{"line":21,"column":4},"end":{"line":21,"column":21}}],"line":21},"4":{"loc":{"start":{"line":40,"column":16},"end":{"line":42,"column":17}},"type":"if","locations":[{"start":{"line":40,"column":16},"end":{"line":42,"column":17}},{"start":{"line":40,"column":16},"end":{"line":42,"column":17}}],"line":40},"5":{"loc":{"start":{"line":53,"column":16},"end":{"line":55,"column":17}},"type":"if","locations":[{"start":{"line":53,"column":16},"end":{"line":55,"column":17}},{"start":{"line":53,"column":16},"end":{"line":55,"column":17}}],"line":53}},"s":{"0":1,"1":0,"2":1,"3":0,"4":0,"5":0,"6":0,"7":0,"8":0,"9":0,"10":1,"11":0,"12":0,"13":0,"14":1,"15":0,"16":1,"17":0,"18":0,"19":1,"20":0,"21":0,"22":0,"23":0,"24":1,"25":0,"26":0,"27":0,"28":0,"29":0,"30":0,"31":0,"32":1,"33":0,"34":0,"35":0,"36":0,"37":0,"38":0,"39":0,"40":1,"41":0,"42":1,"43":0,"44":1,"45":0,"46":1,"47":0,"48":1,"49":0,"50":1,"51":1},"f":{"0":0,"1":0,"2":0,"3":0,"4":0,"5":0,"6":0,"7":0,"8":0,"9":0,"10":0,"11":0,"12":0,"13":0,"14":0,"15":0,"16":0,"17":0,"18":0,"19":0,"20":0,"21":0,"22":0,"23":1},"b":{"0":[0,0],"1":[0,0],"2":[0,0],"3":[0,0],"4":[0,0],"5":[0,0]},"_coverageSchema":"43e27e138ebf9cfc5966b082cf9a028302ed4184","hash":"ef960b4636d05d95478f8096f8a4bd3676433541"}
,"/Users/paque/Desktop/works/contentful-extension-dom-structure/dom-structure/src/utils/getters.js": {"path":"/Users/paque/Desktop/works/contentful-extension-dom-structure/dom-structure/src/utils/getters.js","statementMap":{"0":{"start":{"line":2,"column":23},"end":{"line":6,"column":1}},"1":{"start":{"line":3,"column":4},"end":{"line":5,"column":39}},"2":{"start":{"line":5,"column":22},"end":{"line":5,"column":37}},"3":{"start":{"line":8,"column":25},"end":{"line":12,"column":1}},"4":{"start":{"line":9,"column":4},"end":{"line":11,"column":56}},"5":{"start":{"line":11,"column":24},"end":{"line":11,"column":54}}},"fnMap":{"0":{"name":"(anonymous_0)","decl":{"start":{"line":2,"column":23},"end":{"line":2,"column":24}},"loc":{"start":{"line":2,"column":37},"end":{"line":6,"column":1}},"line":2},"1":{"name":"(anonymous_1)","decl":{"start":{"line":5,"column":12},"end":{"line":5,"column":13}},"loc":{"start":{"line":5,"column":22},"end":{"line":5,"column":37}},"line":5},"2":{"name":"(anonymous_2)","decl":{"start":{"line":8,"column":25},"end":{"line":8,"column":26}},"loc":{"start":{"line":8,"column":47},"end":{"line":12,"column":1}},"line":8},"3":{"name":"(anonymous_3)","decl":{"start":{"line":11,"column":14},"end":{"line":11,"column":15}},"loc":{"start":{"line":11,"column":24},"end":{"line":11,"column":54}},"line":11}},"branchMap":{},"s":{"0":1,"1":0,"2":0,"3":1,"4":0,"5":0},"f":{"0":0,"1":0,"2":0,"3":0},"b":{},"_coverageSchema":"43e27e138ebf9cfc5966b082cf9a028302ed4184","hash":"39e7d22ecb49587a75ee55a42b37dcafb8a82ade"}
}
