TN:
SF:/Users/paque/Desktop/works/contentful-extension-dom-structure/dom-structure/src/components/IconActing/index.js
FN:7,(anonymous_0)
FN:15,(anonymous_1)
FN:27,(anonymous_2)
FN:33,(anonymous_3)
FNF:4
FNH:4
FNDA:8,(anonymous_0)
FNDA:11,(anonymous_1)
FNDA:8,(anonymous_2)
FNDA:3,(anonymous_3)
DA:8,8
DA:10,8
DA:15,8
DA:16,11
DA:17,11
DA:18,11
DA:19,3
DA:21,8
DA:22,2
DA:24,6
DA:28,8
DA:30,8
DA:34,3
DA:35,1
DA:37,2
DA:47,1
LF:16
LH:16
BRDA:18,0,0,3
BRDA:18,0,1,8
BRDA:18,1,0,11
BRDA:18,1,1,11
BRDA:18,1,2,7
BRDA:21,2,0,2
BRDA:21,2,1,6
BRDA:34,3,0,1
BRDA:34,3,1,2
BRDA:34,4,0,3
BRDA:34,4,1,2
BRF:11
BRH:11
end_of_record
TN:
SF:/Users/paque/Desktop/works/contentful-extension-dom-structure/dom-structure/src/style/styledComponents.js
FNF:0
FNH:0
DA:4,1
DA:13,1
DA:152,1
DA:186,1
DA:218,1
DA:254,1
DA:275,1
DA:297,1
DA:305,1
DA:340,1
DA:354,1
DA:374,1
LF:12
LH:12
BRF:0
BRH:0
end_of_record
TN:
SF:/Users/paque/Desktop/works/contentful-extension-dom-structure/dom-structure/src/style/styledComponentsBoxes.js
FNF:0
FNH:0
DA:5,1
DA:46,1
DA:92,1
DA:114,1
DA:133,1
DA:150,1
DA:205,1
DA:213,1
DA:221,1
DA:239,1
DA:287,1
DA:292,1
DA:348,1
DA:362,1
DA:387,1
DA:440,1
DA:446,1
DA:466,1
DA:472,1
DA:478,1
DA:482,1
DA:492,1
LF:22
LH:22
BRF:0
BRH:0
end_of_record
TN:
SF:/Users/paque/Desktop/works/contentful-extension-dom-structure/dom-structure/src/style/theme.js
FNF:0
FNH:0
DA:1,1
DA:9,1
LF:2
LH:2
BRF:0
BRH:0
end_of_record
TN:
SF:/Users/paque/Desktop/works/contentful-extension-dom-structure/dom-structure/src/utils/functions.js
FN:4,(anonymous_0)
FN:6,(anonymous_1)
FN:10,(anonymous_2)
FN:20,(anonymous_3)
FN:25,(anonymous_4)
FN:27,(anonymous_5)
FN:27,(anonymous_6)
FN:29,(anonymous_7)
FN:30,(anonymous_8)
FN:31,(anonymous_9)
FN:36,(anonymous_10)
FN:37,(anonymous_11)
FN:38,(anonymous_12)
FN:39,(anonymous_13)
FN:49,(anonymous_14)
FN:50,(anonymous_15)
FN:51,(anonymous_16)
FN:52,(anonymous_17)
FN:63,(anonymous_18)
FN:67,(anonymous_19)
FN:68,(anonymous_20)
FN:69,(anonymous_21)
FN:72,(anonymous_22)
FN:83,(anonymous_23)
FNF:24
FNH:1
FNDA:0,(anonymous_0)
FNDA:0,(anonymous_1)
FNDA:0,(anonymous_2)
FNDA:0,(anonymous_3)
FNDA:0,(anonymous_4)
FNDA:0,(anonymous_5)
FNDA:0,(anonymous_6)
FNDA:0,(anonymous_7)
FNDA:0,(anonymous_8)
FNDA:0,(anonymous_9)
FNDA:0,(anonymous_10)
FNDA:0,(anonymous_11)
FNDA:0,(anonymous_12)
FNDA:0,(anonymous_13)
FNDA:0,(anonymous_14)
FNDA:0,(anonymous_15)
FNDA:0,(anonymous_16)
FNDA:0,(anonymous_17)
FNDA:0,(anonymous_18)
FNDA:0,(anonymous_19)
FNDA:0,(anonymous_20)
FNDA:0,(anonymous_21)
FNDA:0,(anonymous_22)
FNDA:1,(anonymous_23)
DA:4,1
DA:6,1
DA:7,0
DA:9,0
DA:10,0
DA:12,0
DA:13,0
DA:20,1
DA:21,0
DA:22,0
DA:25,1
DA:27,1
DA:29,1
DA:30,0
DA:31,0
DA:32,0
DA:36,1
DA:37,0
DA:38,0
DA:39,0
DA:40,0
DA:41,0
DA:44,0
DA:46,0
DA:49,1
DA:50,0
DA:51,0
DA:52,0
DA:53,0
DA:54,0
DA:57,0
DA:59,0
DA:63,1
DA:64,0
DA:67,1
DA:68,1
DA:69,1
DA:72,1
DA:73,0
DA:83,1
DA:84,1
LF:41
LH:15
BRDA:4,0,0,0
BRDA:4,0,1,0
BRDA:7,1,0,0
BRDA:7,1,1,0
BRDA:13,2,0,0
BRDA:13,2,1,0
BRDA:21,3,0,0
BRDA:21,3,1,0
BRDA:40,4,0,0
BRDA:40,4,1,0
BRDA:53,5,0,0
BRDA:53,5,1,0
BRF:12
BRH:0
end_of_record
TN:
SF:/Users/paque/Desktop/works/contentful-extension-dom-structure/dom-structure/src/utils/getters.js
FN:2,(anonymous_0)
FN:5,(anonymous_1)
FN:8,(anonymous_2)
FN:11,(anonymous_3)
FNF:4
FNH:0
FNDA:0,(anonymous_0)
FNDA:0,(anonymous_1)
FNDA:0,(anonymous_2)
FNDA:0,(anonymous_3)
DA:2,1
DA:3,0
DA:5,0
DA:8,1
DA:9,0
DA:11,0
LF:6
LH:2
BRF:0
BRH:0
end_of_record
